Analysis & Synthesis report for task4
Tue Oct 24 10:11:14 2023
Quartus Prime Version 19.1.0 Build 670 09/22/2019 SJ Lite Edition


---------------------
; Table of Contents ;
---------------------
  1. Legal Notice
  2. Analysis & Synthesis Summary
  3. Analysis & Synthesis Settings
  4. Parallel Compilation
  5. Analysis & Synthesis Messages
  6. Analysis & Synthesis Suppressed Messages



----------------
; Legal Notice ;
----------------
Copyright (C) 2019  Intel Corporation. All rights reserved.
Your use of Intel Corporation's design tools, logic functions 
and other software and tools, and any partner logic 
functions, and any output files from any of the foregoing 
(including device programming or simulation files), and any 
associated documentation or information are expressly subject 
to the terms and conditions of the Intel Program License 
Subscription Agreement, the Intel Quartus Prime License Agreement,
the Intel FPGA IP License Agreement, or other applicable license
agreement, including, without limitation, that your use is for
the sole purpose of programming logic devices manufactured by
Intel and sold by Intel or its authorized distributors.  Please
refer to the applicable agreement for further details, at
https://fpgasoftware.intel.com/eula.



+---------------------------------------------------------------------------+
; Analysis & Synthesis Summary                                              ;
+-----------------------------+---------------------------------------------+
; Analysis & Synthesis Status ; Failed - Tue Oct 24 10:11:14 2023           ;
; Quartus Prime Version       ; 19.1.0 Build 670 09/22/2019 SJ Lite Edition ;
; Revision Name               ; task4                                       ;
; Top-level Entity Name       ; task4                                       ;
; Family                      ; Cyclone V                                   ;
; Logic utilization (in ALMs) ; N/A until Partition Merge                   ;
; Total registers             ; N/A until Partition Merge                   ;
; Total pins                  ; N/A until Partition Merge                   ;
; Total virtual pins          ; N/A until Partition Merge                   ;
; Total block memory bits     ; N/A until Partition Merge                   ;
; Total PLLs                  ; N/A until Partition Merge                   ;
; Total DLLs                  ; N/A until Partition Merge                   ;
+-----------------------------+---------------------------------------------+


+---------------------------------------------------------------------------------------------------------------------------+
; Analysis & Synthesis Settings                                                                                             ;
+---------------------------------------------------------------------------------+--------------------+--------------------+
; Option                                                                          ; Setting            ; Default Value      ;
+---------------------------------------------------------------------------------+--------------------+--------------------+
; Device                                                                          ; 5CEFA7F31C6        ;                    ;
; Top-level entity name                                                           ; task4              ; task4              ;
; Family name                                                                     ; Cyclone V          ; Cyclone V          ;
; Use smart compilation                                                           ; Off                ; Off                ;
; Enable parallel Assembler and Timing Analyzer during compilation                ; On                 ; On                 ;
; Enable compact report table                                                     ; Off                ; Off                ;
; Restructure Multiplexers                                                        ; Auto               ; Auto               ;
; MLAB Add Timing Constraints For Mixed-Port Feed-Through Mode Setting Don't Care ; Off                ; Off                ;
; Create Debugging Nodes for IP Cores                                             ; Off                ; Off                ;
; Preserve fewer node names                                                       ; On                 ; On                 ;
; Intel FPGA IP Evaluation Mode                                                   ; Enable             ; Enable             ;
; Verilog Version                                                                 ; Verilog_2001       ; Verilog_2001       ;
; VHDL Version                                                                    ; VHDL_1993          ; VHDL_1993          ;
; State Machine Processing                                                        ; Auto               ; Auto               ;
; Safe State Machine                                                              ; Off                ; Off                ;
; Extract Verilog State Machines                                                  ; On                 ; On                 ;
; Extract VHDL State Machines                                                     ; On                 ; On                 ;
; Ignore Verilog initial constructs                                               ; Off                ; Off                ;
; Iteration limit for constant Verilog loops                                      ; 5000               ; 5000               ;
; Iteration limit for non-constant Verilog loops                                  ; 250                ; 250                ;
; Add Pass-Through Logic to Inferred RAMs                                         ; On                 ; On                 ;
; Infer RAMs from Raw Logic                                                       ; On                 ; On                 ;
; Parallel Synthesis                                                              ; On                 ; On                 ;
; DSP Block Balancing                                                             ; Auto               ; Auto               ;
; NOT Gate Push-Back                                                              ; On                 ; On                 ;
; Power-Up Don't Care                                                             ; On                 ; On                 ;
; Remove Redundant Logic Cells                                                    ; Off                ; Off                ;
; Remove Duplicate Registers                                                      ; On                 ; On                 ;
; Ignore CARRY Buffers                                                            ; Off                ; Off                ;
; Ignore CASCADE Buffers                                                          ; Off                ; Off                ;
; Ignore GLOBAL Buffers                                                           ; Off                ; Off                ;
; Ignore ROW GLOBAL Buffers                                                       ; Off                ; Off                ;
; Ignore LCELL Buffers                                                            ; Off                ; Off                ;
; Ignore SOFT Buffers                                                             ; On                 ; On                 ;
; Limit AHDL Integers to 32 Bits                                                  ; Off                ; Off                ;
; Optimization Technique                                                          ; Balanced           ; Balanced           ;
; Carry Chain Length                                                              ; 70                 ; 70                 ;
; Auto Carry Chains                                                               ; On                 ; On                 ;
; Auto Open-Drain Pins                                                            ; On                 ; On                 ;
; Perform WYSIWYG Primitive Resynthesis                                           ; Off                ; Off                ;
; Auto ROM Replacement                                                            ; On                 ; On                 ;
; Auto RAM Replacement                                                            ; On                 ; On                 ;
; Auto DSP Block Replacement                                                      ; On                 ; On                 ;
; Auto Shift Register Replacement                                                 ; Auto               ; Auto               ;
; Allow Shift Register Merging across Hierarchies                                 ; Auto               ; Auto               ;
; Auto Clock Enable Replacement                                                   ; On                 ; On                 ;
; Strict RAM Replacement                                                          ; Off                ; Off                ;
; Allow Synchronous Control Signals                                               ; On                 ; On                 ;
; Force Use of Synchronous Clear Signals                                          ; Off                ; Off                ;
; Auto Resource Sharing                                                           ; Off                ; Off                ;
; Allow Any RAM Size For Recognition                                              ; Off                ; Off                ;
; Allow Any ROM Size For Recognition                                              ; Off                ; Off                ;
; Allow Any Shift Register Size For Recognition                                   ; Off                ; Off                ;
; Use LogicLock Constraints during Resource Balancing                             ; On                 ; On                 ;
; Ignore translate_off and synthesis_off directives                               ; Off                ; Off                ;
; Timing-Driven Synthesis                                                         ; On                 ; On                 ;
; Report Parameter Settings                                                       ; On                 ; On                 ;
; Report Source Assignments                                                       ; On                 ; On                 ;
; Report Connectivity Checks                                                      ; On                 ; On                 ;
; Ignore Maximum Fan-Out Assignments                                              ; Off                ; Off                ;
; Synchronization Register Chain Length                                           ; 3                  ; 3                  ;
; Power Optimization During Synthesis                                             ; Normal compilation ; Normal compilation ;
; HDL message level                                                               ; Level2             ; Level2             ;
; Suppress Register Optimization Related Messages                                 ; Off                ; Off                ;
; Number of Removed Registers Reported in Synthesis Report                        ; 5000               ; 5000               ;
; Number of Swept Nodes Reported in Synthesis Report                              ; 5000               ; 5000               ;
; Number of Inverted Registers Reported in Synthesis Report                       ; 100                ; 100                ;
; Clock MUX Protection                                                            ; On                 ; On                 ;
; Auto Gated Clock Conversion                                                     ; Off                ; Off                ;
; Block Design Naming                                                             ; Auto               ; Auto               ;
; SDC constraint protection                                                       ; Off                ; Off                ;
; Synthesis Effort                                                                ; Auto               ; Auto               ;
; Shift Register Replacement - Allow Asynchronous Clear Signal                    ; On                 ; On                 ;
; Pre-Mapping Resynthesis Optimization                                            ; Off                ; Off                ;
; Analysis & Synthesis Message Level                                              ; Medium             ; Medium             ;
; Disable Register Merging Across Hierarchies                                     ; Auto               ; Auto               ;
; Resource Aware Inference For Block RAM                                          ; On                 ; On                 ;
; Automatic Parallel Synthesis                                                    ; On                 ; On                 ;
; Partial Reconfiguration Bitstream ID                                            ; Off                ; Off                ;
+---------------------------------------------------------------------------------+--------------------+--------------------+


+------------------------------------------+
; Parallel Compilation                     ;
+----------------------------+-------------+
; Processors                 ; Number      ;
+----------------------------+-------------+
; Number detected on machine ; 20          ;
; Maximum allowed            ; 14          ;
;                            ;             ;
; Average used               ; 1.00        ;
; Maximum used               ; 1           ;
;                            ;             ;
; Usage by Processor         ; % Time Used ;
;     Processor 1            ; 100.0%      ;
+----------------------------+-------------+


+-------------------------------+
; Analysis & Synthesis Messages ;
+-------------------------------+
Info: *******************************************************************
Info: Running Quartus Prime Analysis & Synthesis
    Info: Version 19.1.0 Build 670 09/22/2019 SJ Lite Edition
    Info: Processing started: Tue Oct 24 10:11:04 2023
Info: Command: quartus_map --read_settings_files=on --write_settings_files=off task4 -c task4
Warning (18236): Number of processors has not been specified which may cause overloading on shared machines.  Set the global assignment NUM_PARALLEL_PROCESSORS in your QSF to an appropriate value for best performance.
Info (20030): Parallel compilation is enabled and will use 14 of the 14 processors detected
Info (12021): Found 1 design units, including 1 entities, in source file ct_mem.v
    Info (12023): Found entity 1: ct_mem File: C:/Users/sants/Desktop/CPEN-311/Lab-3/Lab-3/Lab-3-CPEN311/task4/ct_mem.v Line: 40
Info (12021): Found 1 design units, including 1 entities, in source file task4.sv
    Info (12023): Found entity 1: task4 File: C:/Users/sants/Desktop/CPEN-311/Lab-3/Lab-3/Lab-3-CPEN311/task4/task4.sv Line: 1
Info (12021): Found 1 design units, including 1 entities, in source file card7seg.sv
    Info (12023): Found entity 1: card7seg File: C:/Users/sants/Desktop/CPEN-311/Lab-3/Lab-3/Lab-3-CPEN311/task4/card7seg.sv Line: 1
Info (12021): Found 1 design units, including 1 entities, in source file arc4.sv
    Info (12023): Found entity 1: arc4 File: C:/Users/sants/Desktop/CPEN-311/Lab-3/Lab-3/Lab-3-CPEN311/task4/arc4.sv Line: 1
Info (12021): Found 2 design units, including 2 entities, in source file crack.sv
    Info (12023): Found entity 1: crack File: C:/Users/sants/Desktop/CPEN-311/Lab-3/Lab-3/Lab-3-CPEN311/task4/crack.sv Line: 1
    Info (12023): Found entity 2: check_pt File: C:/Users/sants/Desktop/CPEN-311/Lab-3/Lab-3/Lab-3-CPEN311/task4/crack.sv Line: 68
Info (12127): Elaborating entity "task4" for the top level hierarchy
Warning (10034): Output port "LEDR" at task4.sv(4) has no driver File: C:/Users/sants/Desktop/CPEN-311/Lab-3/Lab-3/Lab-3-CPEN311/task4/task4.sv Line: 4
Info (12128): Elaborating entity "ct_mem" for hierarchy "ct_mem:ct" File: C:/Users/sants/Desktop/CPEN-311/Lab-3/Lab-3/Lab-3-CPEN311/task4/task4.sv Line: 15
Info (12128): Elaborating entity "altsyncram" for hierarchy "ct_mem:ct|altsyncram:altsyncram_component" File: C:/Users/sants/Desktop/CPEN-311/Lab-3/Lab-3/Lab-3-CPEN311/task4/ct_mem.v Line: 86
Info (12130): Elaborated megafunction instantiation "ct_mem:ct|altsyncram:altsyncram_component" File: C:/Users/sants/Desktop/CPEN-311/Lab-3/Lab-3/Lab-3-CPEN311/task4/ct_mem.v Line: 86
Info (12133): Instantiated megafunction "ct_mem:ct|altsyncram:altsyncram_component" with the following parameter: File: C:/Users/sants/Desktop/CPEN-311/Lab-3/Lab-3/Lab-3-CPEN311/task4/ct_mem.v Line: 86
    Info (12134): Parameter "clock_enable_input_a" = "BYPASS"
    Info (12134): Parameter "clock_enable_output_a" = "BYPASS"
    Info (12134): Parameter "intended_device_family" = "Cyclone V"
    Info (12134): Parameter "lpm_hint" = "ENABLE_RUNTIME_MOD=YES,INSTANCE_NAME=CT"
    Info (12134): Parameter "lpm_type" = "altsyncram"
    Info (12134): Parameter "numwords_a" = "256"
    Info (12134): Parameter "operation_mode" = "SINGLE_PORT"
    Info (12134): Parameter "outdata_aclr_a" = "NONE"
    Info (12134): Parameter "outdata_reg_a" = "UNREGISTERED"
    Info (12134): Parameter "power_up_uninitialized" = "FALSE"
    Info (12134): Parameter "ram_block_type" = "M10K"
    Info (12134): Parameter "read_during_write_mode_port_a" = "NEW_DATA_NO_NBE_READ"
    Info (12134): Parameter "widthad_a" = "8"
    Info (12134): Parameter "width_a" = "8"
    Info (12134): Parameter "width_byteena_a" = "1"
Info (12021): Found 1 design units, including 1 entities, in source file db/altsyncram_t2q1.tdf
    Info (12023): Found entity 1: altsyncram_t2q1 File: C:/Users/sants/Desktop/CPEN-311/Lab-3/Lab-3/Lab-3-CPEN311/task4/db/altsyncram_t2q1.tdf Line: 28
Info (12128): Elaborating entity "altsyncram_t2q1" for hierarchy "ct_mem:ct|altsyncram:altsyncram_component|altsyncram_t2q1:auto_generated" File: c:/intelfpga_lite/19.1/quartus/libraries/megafunctions/altsyncram.tdf Line: 792
Info (12021): Found 1 design units, including 1 entities, in source file db/altsyncram_4fg2.tdf
    Info (12023): Found entity 1: altsyncram_4fg2 File: C:/Users/sants/Desktop/CPEN-311/Lab-3/Lab-3/Lab-3-CPEN311/task4/db/altsyncram_4fg2.tdf Line: 28
Info (12128): Elaborating entity "altsyncram_4fg2" for hierarchy "ct_mem:ct|altsyncram:altsyncram_component|altsyncram_t2q1:auto_generated|altsyncram_4fg2:altsyncram1" File: C:/Users/sants/Desktop/CPEN-311/Lab-3/Lab-3/Lab-3-CPEN311/task4/db/altsyncram_t2q1.tdf Line: 37
Info (12128): Elaborating entity "sld_mod_ram_rom" for hierarchy "ct_mem:ct|altsyncram:altsyncram_component|altsyncram_t2q1:auto_generated|sld_mod_ram_rom:mgl_prim2" File: C:/Users/sants/Desktop/CPEN-311/Lab-3/Lab-3/Lab-3-CPEN311/task4/db/altsyncram_t2q1.tdf Line: 38
Info (12130): Elaborated megafunction instantiation "ct_mem:ct|altsyncram:altsyncram_component|altsyncram_t2q1:auto_generated|sld_mod_ram_rom:mgl_prim2" File: C:/Users/sants/Desktop/CPEN-311/Lab-3/Lab-3/Lab-3-CPEN311/task4/db/altsyncram_t2q1.tdf Line: 38
Info (12133): Instantiated megafunction "ct_mem:ct|altsyncram:altsyncram_component|altsyncram_t2q1:auto_generated|sld_mod_ram_rom:mgl_prim2" with the following parameter: File: C:/Users/sants/Desktop/CPEN-311/Lab-3/Lab-3/Lab-3-CPEN311/task4/db/altsyncram_t2q1.tdf Line: 38
    Info (12134): Parameter "CVALUE" = "00000000"
    Info (12134): Parameter "IS_DATA_IN_RAM" = "1"
    Info (12134): Parameter "IS_READABLE" = "1"
    Info (12134): Parameter "NODE_NAME" = "1129578496"
    Info (12134): Parameter "NUMWORDS" = "256"
    Info (12134): Parameter "SHIFT_COUNT_BITS" = "4"
    Info (12134): Parameter "WIDTH_WORD" = "8"
    Info (12134): Parameter "WIDTHAD" = "8"
Info (12128): Elaborating entity "sld_jtag_endpoint_adapter" for hierarchy "ct_mem:ct|altsyncram:altsyncram_component|altsyncram_t2q1:auto_generated|sld_mod_ram_rom:mgl_prim2|sld_jtag_endpoint_adapter:jtag_signal_adapter" File: c:/intelfpga_lite/19.1/quartus/libraries/megafunctions/sld_mod_ram_rom.vhd Line: 302
Info (12128): Elaborating entity "sld_jtag_endpoint_adapter_impl" for hierarchy "ct_mem:ct|altsyncram:altsyncram_component|altsyncram_t2q1:auto_generated|sld_mod_ram_rom:mgl_prim2|sld_jtag_endpoint_adapter:jtag_signal_adapter|sld_jtag_endpoint_adapter_impl:sld_jtag_endpoint_adapter_impl_inst" File: c:/intelfpga_lite/19.1/quartus/libraries/megafunctions/sld_jtag_endpoint_adapter.vhd Line: 232
Info (12128): Elaborating entity "sld_rom_sr" for hierarchy "ct_mem:ct|altsyncram:altsyncram_component|altsyncram_t2q1:auto_generated|sld_mod_ram_rom:mgl_prim2|sld_rom_sr:\ram_rom_logic_gen:name_gen:info_rom_sr" File: c:/intelfpga_lite/19.1/quartus/libraries/megafunctions/sld_mod_ram_rom.vhd Line: 828
Info (12128): Elaborating entity "crack" for hierarchy "crack:c" File: C:/Users/sants/Desktop/CPEN-311/Lab-3/Lab-3/Lab-3-CPEN311/task4/task4.sv Line: 16
Warning (10270): Verilog HDL Case Statement warning at crack.sv(25): incomplete case statement has no default case item File: C:/Users/sants/Desktop/CPEN-311/Lab-3/Lab-3/Lab-3-CPEN311/task4/crack.sv Line: 25
Info (10264): Verilog HDL Case Statement information at crack.sv(25): all case item expressions in this case statement are onehot File: C:/Users/sants/Desktop/CPEN-311/Lab-3/Lab-3/Lab-3-CPEN311/task4/crack.sv Line: 25
Warning (10230): Verilog HDL assignment warning at crack.sv(58): truncated value with size 32 to match size of target (24) File: C:/Users/sants/Desktop/CPEN-311/Lab-3/Lab-3/Lab-3-CPEN311/task4/crack.sv Line: 58
Info (12128): Elaborating entity "arc4" for hierarchy "crack:c|arc4:a4" File: C:/Users/sants/Desktop/CPEN-311/Lab-3/Lab-3/Lab-3-CPEN311/task4/crack.sv Line: 20
Info (12128): Elaborating entity "check_pt" for hierarchy "crack:c|check_pt:cpt" File: C:/Users/sants/Desktop/CPEN-311/Lab-3/Lab-3/Lab-3-CPEN311/task4/crack.sv Line: 21
Warning (10230): Verilog HDL assignment warning at crack.sv(120): truncated value with size 32 to match size of target (8) File: C:/Users/sants/Desktop/CPEN-311/Lab-3/Lab-3/Lab-3-CPEN311/task4/crack.sv Line: 120
Info (12128): Elaborating entity "card7seg" for hierarchy "card7seg:h0" File: C:/Users/sants/Desktop/CPEN-311/Lab-3/Lab-3/Lab-3-CPEN311/task4/task4.sv Line: 17
Error (12006): Node instance "pt" instantiates undefined entity "pt_mem". Ensure that required library paths are specified correctly, define the specified entity, or change the instantiation. If this entity represents Intel FPGA or third-party IP, generate the synthesis files for the IP. File: C:/Users/sants/Desktop/CPEN-311/Lab-3/Lab-3/Lab-3-CPEN311/task4/crack.sv Line: 19
Error (12006): Node instance "s" instantiates undefined entity "s_mem". Ensure that required library paths are specified correctly, define the specified entity, or change the instantiation. If this entity represents Intel FPGA or third-party IP, generate the synthesis files for the IP. File: C:/Users/sants/Desktop/CPEN-311/Lab-3/Lab-3/Lab-3-CPEN311/task4/arc4.sv Line: 15
Error (12006): Node instance "i" instantiates undefined entity "init". Ensure that required library paths are specified correctly, define the specified entity, or change the instantiation. If this entity represents Intel FPGA or third-party IP, generate the synthesis files for the IP. File: C:/Users/sants/Desktop/CPEN-311/Lab-3/Lab-3/Lab-3-CPEN311/task4/arc4.sv Line: 16
Error (12006): Node instance "k" instantiates undefined entity "ksa". Ensure that required library paths are specified correctly, define the specified entity, or change the instantiation. If this entity represents Intel FPGA or third-party IP, generate the synthesis files for the IP. File: C:/Users/sants/Desktop/CPEN-311/Lab-3/Lab-3/Lab-3-CPEN311/task4/arc4.sv Line: 17
Error (12006): Node instance "p" instantiates undefined entity "prga". Ensure that required library paths are specified correctly, define the specified entity, or change the instantiation. If this entity represents Intel FPGA or third-party IP, generate the synthesis files for the IP. File: C:/Users/sants/Desktop/CPEN-311/Lab-3/Lab-3/Lab-3-CPEN311/task4/arc4.sv Line: 18
Info (144001): Generated suppressed messages file C:/Users/sants/Desktop/CPEN-311/Lab-3/Lab-3/Lab-3-CPEN311/task4/output_files/task4.map.smsg
Error: Quartus Prime Analysis & Synthesis was unsuccessful. 5 errors, 5 warnings
    Error: Peak virtual memory: 4855 megabytes
    Error: Processing ended: Tue Oct 24 10:11:15 2023
    Error: Elapsed time: 00:00:11
    Error: Total CPU time (on all processors): 00:00:12


+------------------------------------------+
; Analysis & Synthesis Suppressed Messages ;
+------------------------------------------+
The suppressed messages can be found in C:/Users/sants/Desktop/CPEN-311/Lab-3/Lab-3/Lab-3-CPEN311/task4/output_files/task4.map.smsg.


