Analysis & Synthesis report for task5
Fri Oct 20 21:45:06 2023
Quartus Prime Version 19.1.0 Build 670 09/22/2019 SJ Lite Edition


---------------------
; Table of Contents ;
---------------------
  1. Legal Notice
  2. Analysis & Synthesis Summary
  3. Analysis & Synthesis Settings
  4. Parallel Compilation
  5. Analysis & Synthesis Messages
  6. Analysis & Synthesis Suppressed Messages



----------------
; Legal Notice ;
----------------
Copyright (C) 2019  Intel Corporation. All rights reserved.
Your use of Intel Corporation's design tools, logic functions 
and other software and tools, and any partner logic 
functions, and any output files from any of the foregoing 
(including device programming or simulation files), and any 
associated documentation or information are expressly subject 
to the terms and conditions of the Intel Program License 
Subscription Agreement, the Intel Quartus Prime License Agreement,
the Intel FPGA IP License Agreement, or other applicable license
agreement, including, without limitation, that your use is for
the sole purpose of programming logic devices manufactured by
Intel and sold by Intel or its authorized distributors.  Please
refer to the applicable agreement for further details, at
https://fpgasoftware.intel.com/eula.



+---------------------------------------------------------------------------+
; Analysis & Synthesis Summary                                              ;
+-----------------------------+---------------------------------------------+
; Analysis & Synthesis Status ; Failed - Fri Oct 20 21:45:06 2023           ;
; Quartus Prime Version       ; 19.1.0 Build 670 09/22/2019 SJ Lite Edition ;
; Revision Name               ; task5                                       ;
; Top-level Entity Name       ; task5                                       ;
; Family                      ; Cyclone V                                   ;
; Logic utilization (in ALMs) ; N/A until Partition Merge                   ;
; Total registers             ; N/A until Partition Merge                   ;
; Total pins                  ; N/A until Partition Merge                   ;
; Total virtual pins          ; N/A until Partition Merge                   ;
; Total block memory bits     ; N/A until Partition Merge                   ;
; Total PLLs                  ; N/A until Partition Merge                   ;
; Total DLLs                  ; N/A until Partition Merge                   ;
+-----------------------------+---------------------------------------------+


+---------------------------------------------------------------------------------------------------------------------------+
; Analysis & Synthesis Settings                                                                                             ;
+---------------------------------------------------------------------------------+--------------------+--------------------+
; Option                                                                          ; Setting            ; Default Value      ;
+---------------------------------------------------------------------------------+--------------------+--------------------+
; Device                                                                          ; 5CEFA7F31C6        ;                    ;
; Top-level entity name                                                           ; task5              ; task5              ;
; Family name                                                                     ; Cyclone V          ; Cyclone V          ;
; Use smart compilation                                                           ; Off                ; Off                ;
; Enable parallel Assembler and Timing Analyzer during compilation                ; On                 ; On                 ;
; Enable compact report table                                                     ; Off                ; Off                ;
; Restructure Multiplexers                                                        ; Auto               ; Auto               ;
; MLAB Add Timing Constraints For Mixed-Port Feed-Through Mode Setting Don't Care ; Off                ; Off                ;
; Create Debugging Nodes for IP Cores                                             ; Off                ; Off                ;
; Preserve fewer node names                                                       ; On                 ; On                 ;
; Intel FPGA IP Evaluation Mode                                                   ; Enable             ; Enable             ;
; Verilog Version                                                                 ; Verilog_2001       ; Verilog_2001       ;
; VHDL Version                                                                    ; VHDL_1993          ; VHDL_1993          ;
; State Machine Processing                                                        ; Auto               ; Auto               ;
; Safe State Machine                                                              ; Off                ; Off                ;
; Extract Verilog State Machines                                                  ; On                 ; On                 ;
; Extract VHDL State Machines                                                     ; On                 ; On                 ;
; Ignore Verilog initial constructs                                               ; Off                ; Off                ;
; Iteration limit for constant Verilog loops                                      ; 5000               ; 5000               ;
; Iteration limit for non-constant Verilog loops                                  ; 250                ; 250                ;
; Add Pass-Through Logic to Inferred RAMs                                         ; On                 ; On                 ;
; Infer RAMs from Raw Logic                                                       ; On                 ; On                 ;
; Parallel Synthesis                                                              ; On                 ; On                 ;
; DSP Block Balancing                                                             ; Auto               ; Auto               ;
; NOT Gate Push-Back                                                              ; On                 ; On                 ;
; Power-Up Don't Care                                                             ; On                 ; On                 ;
; Remove Redundant Logic Cells                                                    ; Off                ; Off                ;
; Remove Duplicate Registers                                                      ; On                 ; On                 ;
; Ignore CARRY Buffers                                                            ; Off                ; Off                ;
; Ignore CASCADE Buffers                                                          ; Off                ; Off                ;
; Ignore GLOBAL Buffers                                                           ; Off                ; Off                ;
; Ignore ROW GLOBAL Buffers                                                       ; Off                ; Off                ;
; Ignore LCELL Buffers                                                            ; Off                ; Off                ;
; Ignore SOFT Buffers                                                             ; On                 ; On                 ;
; Limit AHDL Integers to 32 Bits                                                  ; Off                ; Off                ;
; Optimization Technique                                                          ; Balanced           ; Balanced           ;
; Carry Chain Length                                                              ; 70                 ; 70                 ;
; Auto Carry Chains                                                               ; On                 ; On                 ;
; Auto Open-Drain Pins                                                            ; On                 ; On                 ;
; Perform WYSIWYG Primitive Resynthesis                                           ; Off                ; Off                ;
; Auto ROM Replacement                                                            ; On                 ; On                 ;
; Auto RAM Replacement                                                            ; On                 ; On                 ;
; Auto DSP Block Replacement                                                      ; On                 ; On                 ;
; Auto Shift Register Replacement                                                 ; Auto               ; Auto               ;
; Allow Shift Register Merging across Hierarchies                                 ; Auto               ; Auto               ;
; Auto Clock Enable Replacement                                                   ; On                 ; On                 ;
; Strict RAM Replacement                                                          ; Off                ; Off                ;
; Allow Synchronous Control Signals                                               ; On                 ; On                 ;
; Force Use of Synchronous Clear Signals                                          ; Off                ; Off                ;
; Auto Resource Sharing                                                           ; Off                ; Off                ;
; Allow Any RAM Size For Recognition                                              ; Off                ; Off                ;
; Allow Any ROM Size For Recognition                                              ; Off                ; Off                ;
; Allow Any Shift Register Size For Recognition                                   ; Off                ; Off                ;
; Use LogicLock Constraints during Resource Balancing                             ; On                 ; On                 ;
; Ignore translate_off and synthesis_off directives                               ; Off                ; Off                ;
; Timing-Driven Synthesis                                                         ; On                 ; On                 ;
; Report Parameter Settings                                                       ; On                 ; On                 ;
; Report Source Assignments                                                       ; On                 ; On                 ;
; Report Connectivity Checks                                                      ; On                 ; On                 ;
; Ignore Maximum Fan-Out Assignments                                              ; Off                ; Off                ;
; Synchronization Register Chain Length                                           ; 3                  ; 3                  ;
; Power Optimization During Synthesis                                             ; Normal compilation ; Normal compilation ;
; HDL message level                                                               ; Level2             ; Level2             ;
; Suppress Register Optimization Related Messages                                 ; Off                ; Off                ;
; Number of Removed Registers Reported in Synthesis Report                        ; 5000               ; 5000               ;
; Number of Swept Nodes Reported in Synthesis Report                              ; 5000               ; 5000               ;
; Number of Inverted Registers Reported in Synthesis Report                       ; 100                ; 100                ;
; Clock MUX Protection                                                            ; On                 ; On                 ;
; Auto Gated Clock Conversion                                                     ; Off                ; Off                ;
; Block Design Naming                                                             ; Auto               ; Auto               ;
; SDC constraint protection                                                       ; Off                ; Off                ;
; Synthesis Effort                                                                ; Auto               ; Auto               ;
; Shift Register Replacement - Allow Asynchronous Clear Signal                    ; On                 ; On                 ;
; Pre-Mapping Resynthesis Optimization                                            ; Off                ; Off                ;
; Analysis & Synthesis Message Level                                              ; Medium             ; Medium             ;
; Disable Register Merging Across Hierarchies                                     ; Auto               ; Auto               ;
; Resource Aware Inference For Block RAM                                          ; On                 ; On                 ;
; Automatic Parallel Synthesis                                                    ; On                 ; On                 ;
; Partial Reconfiguration Bitstream ID                                            ; Off                ; Off                ;
+---------------------------------------------------------------------------------+--------------------+--------------------+


+------------------------------------------+
; Parallel Compilation                     ;
+----------------------------+-------------+
; Processors                 ; Number      ;
+----------------------------+-------------+
; Number detected on machine ; 20          ;
; Maximum allowed            ; 14          ;
;                            ;             ;
; Average used               ; 1.00        ;
; Maximum used               ; 1           ;
;                            ;             ;
; Usage by Processor         ; % Time Used ;
;     Processor 1            ; 100.0%      ;
+----------------------------+-------------+


+-------------------------------+
; Analysis & Synthesis Messages ;
+-------------------------------+
Info: *******************************************************************
Info: Running Quartus Prime Analysis & Synthesis
    Info: Version 19.1.0 Build 670 09/22/2019 SJ Lite Edition
    Info: Processing started: Fri Oct 20 21:44:56 2023
Info: Command: quartus_map --read_settings_files=on --write_settings_files=off task5 -c task5
Warning (18236): Number of processors has not been specified which may cause overloading on shared machines.  Set the global assignment NUM_PARALLEL_PROCESSORS in your QSF to an appropriate value for best performance.
Info (20030): Parallel compilation is enabled and will use 14 of the 14 processors detected
Info (12021): Found 1 design units, including 1 entities, in source file tb_rtl_task5.sv
    Info (12023): Found entity 1: tb_rtl_task5 File: C:/Users/sants/Desktop/CPEN-311/Lab-3/Lab-3-CPEN311/task5/tb_rtl_task5.sv Line: 3
Info (12021): Found 1 design units, including 1 entities, in source file task5.sv
    Info (12023): Found entity 1: task5 File: C:/Users/sants/Desktop/CPEN-311/Lab-3/Lab-3-CPEN311/task5/task5.sv Line: 1
Info (12021): Found 1 design units, including 1 entities, in source file doublecrack.sv
    Info (12023): Found entity 1: doublecrack File: C:/Users/sants/Desktop/CPEN-311/Lab-3/Lab-3-CPEN311/task5/doublecrack.sv Line: 1
Info (12021): Found 2 design units, including 2 entities, in source file crack.sv
    Info (12023): Found entity 1: crack File: C:/Users/sants/Desktop/CPEN-311/Lab-3/Lab-3-CPEN311/task5/crack.sv Line: 1
    Info (12023): Found entity 2: check_pt File: C:/Users/sants/Desktop/CPEN-311/Lab-3/Lab-3-CPEN311/task5/crack.sv Line: 90
Warning (10236): Verilog HDL Implicit Net warning at crack.sv(26): created implicit net for "wren" File: C:/Users/sants/Desktop/CPEN-311/Lab-3/Lab-3-CPEN311/task5/crack.sv Line: 26
Info (12127): Elaborating entity "task5" for the top level hierarchy
Warning (10034): Output port "HEX0" at task5.sv(2) has no driver File: C:/Users/sants/Desktop/CPEN-311/Lab-3/Lab-3-CPEN311/task5/task5.sv Line: 2
Warning (10034): Output port "HEX1" at task5.sv(2) has no driver File: C:/Users/sants/Desktop/CPEN-311/Lab-3/Lab-3-CPEN311/task5/task5.sv Line: 2
Warning (10034): Output port "HEX2" at task5.sv(2) has no driver File: C:/Users/sants/Desktop/CPEN-311/Lab-3/Lab-3-CPEN311/task5/task5.sv Line: 2
Warning (10034): Output port "HEX3" at task5.sv(3) has no driver File: C:/Users/sants/Desktop/CPEN-311/Lab-3/Lab-3-CPEN311/task5/task5.sv Line: 3
Warning (10034): Output port "HEX4" at task5.sv(3) has no driver File: C:/Users/sants/Desktop/CPEN-311/Lab-3/Lab-3-CPEN311/task5/task5.sv Line: 3
Warning (10034): Output port "HEX5" at task5.sv(3) has no driver File: C:/Users/sants/Desktop/CPEN-311/Lab-3/Lab-3-CPEN311/task5/task5.sv Line: 3
Warning (10034): Output port "LEDR" at task5.sv(4) has no driver File: C:/Users/sants/Desktop/CPEN-311/Lab-3/Lab-3-CPEN311/task5/task5.sv Line: 4
Info (12128): Elaborating entity "doublecrack" for hierarchy "doublecrack:dc" File: C:/Users/sants/Desktop/CPEN-311/Lab-3/Lab-3-CPEN311/task5/task5.sv Line: 9
Warning (10036): Verilog HDL or VHDL warning at doublecrack.sv(17): object "wren" assigned a value but never read File: C:/Users/sants/Desktop/CPEN-311/Lab-3/Lab-3-CPEN311/task5/doublecrack.sv Line: 17
Warning (10034): Output port "key" at doublecrack.sv(3) has no driver File: C:/Users/sants/Desktop/CPEN-311/Lab-3/Lab-3-CPEN311/task5/doublecrack.sv Line: 3
Info (12128): Elaborating entity "crack" for hierarchy "doublecrack:dc|crack:c1" File: C:/Users/sants/Desktop/CPEN-311/Lab-3/Lab-3-CPEN311/task5/doublecrack.sv Line: 33
Warning (10230): Verilog HDL assignment warning at crack.sv(39): truncated value with size 32 to match size of target (8) File: C:/Users/sants/Desktop/CPEN-311/Lab-3/Lab-3-CPEN311/task5/crack.sv Line: 39
Warning (10270): Verilog HDL Case Statement warning at crack.sv(31): incomplete case statement has no default case item File: C:/Users/sants/Desktop/CPEN-311/Lab-3/Lab-3-CPEN311/task5/crack.sv Line: 31
Info (10264): Verilog HDL Case Statement information at crack.sv(31): all case item expressions in this case statement are onehot File: C:/Users/sants/Desktop/CPEN-311/Lab-3/Lab-3-CPEN311/task5/crack.sv Line: 31
Error (10200): Verilog HDL Conditional Statement error at crack.sv(44): cannot match operand(s) in the condition to the corresponding edges in the enclosing event control of the always construct File: C:/Users/sants/Desktop/CPEN-311/Lab-3/Lab-3-CPEN311/task5/crack.sv Line: 44
Warning (10230): Verilog HDL assignment warning at crack.sv(45): truncated value with size 32 to match size of target (24) File: C:/Users/sants/Desktop/CPEN-311/Lab-3/Lab-3-CPEN311/task5/crack.sv Line: 45
Warning (10230): Verilog HDL assignment warning at crack.sv(73): truncated value with size 32 to match size of target (24) File: C:/Users/sants/Desktop/CPEN-311/Lab-3/Lab-3-CPEN311/task5/crack.sv Line: 73
Warning (10230): Verilog HDL assignment warning at crack.sv(81): truncated value with size 32 to match size of target (8) File: C:/Users/sants/Desktop/CPEN-311/Lab-3/Lab-3-CPEN311/task5/crack.sv Line: 81
Warning (10240): Verilog HDL Always Construct warning at crack.sv(43): inferring latch(es) for variable "key", which holds its previous value in one or more paths through the always construct File: C:/Users/sants/Desktop/CPEN-311/Lab-3/Lab-3-CPEN311/task5/crack.sv Line: 43
Warning (10240): Verilog HDL Always Construct warning at crack.sv(43): inferring latch(es) for variable "i", which holds its previous value in one or more paths through the always construct File: C:/Users/sants/Desktop/CPEN-311/Lab-3/Lab-3-CPEN311/task5/crack.sv Line: 43
Info (10041): Inferred latch for "i[0]" at crack.sv(49) File: C:/Users/sants/Desktop/CPEN-311/Lab-3/Lab-3-CPEN311/task5/crack.sv Line: 49
Info (10041): Inferred latch for "i[1]" at crack.sv(49) File: C:/Users/sants/Desktop/CPEN-311/Lab-3/Lab-3-CPEN311/task5/crack.sv Line: 49
Info (10041): Inferred latch for "i[2]" at crack.sv(49) File: C:/Users/sants/Desktop/CPEN-311/Lab-3/Lab-3-CPEN311/task5/crack.sv Line: 49
Info (10041): Inferred latch for "i[3]" at crack.sv(49) File: C:/Users/sants/Desktop/CPEN-311/Lab-3/Lab-3-CPEN311/task5/crack.sv Line: 49
Info (10041): Inferred latch for "i[4]" at crack.sv(49) File: C:/Users/sants/Desktop/CPEN-311/Lab-3/Lab-3-CPEN311/task5/crack.sv Line: 49
Info (10041): Inferred latch for "i[5]" at crack.sv(49) File: C:/Users/sants/Desktop/CPEN-311/Lab-3/Lab-3-CPEN311/task5/crack.sv Line: 49
Info (10041): Inferred latch for "i[6]" at crack.sv(49) File: C:/Users/sants/Desktop/CPEN-311/Lab-3/Lab-3-CPEN311/task5/crack.sv Line: 49
Info (10041): Inferred latch for "i[7]" at crack.sv(49) File: C:/Users/sants/Desktop/CPEN-311/Lab-3/Lab-3-CPEN311/task5/crack.sv Line: 49
Info (10041): Inferred latch for "key[0]" at crack.sv(49) File: C:/Users/sants/Desktop/CPEN-311/Lab-3/Lab-3-CPEN311/task5/crack.sv Line: 49
Info (10041): Inferred latch for "key[1]" at crack.sv(49) File: C:/Users/sants/Desktop/CPEN-311/Lab-3/Lab-3-CPEN311/task5/crack.sv Line: 49
Info (10041): Inferred latch for "key[2]" at crack.sv(49) File: C:/Users/sants/Desktop/CPEN-311/Lab-3/Lab-3-CPEN311/task5/crack.sv Line: 49
Info (10041): Inferred latch for "key[3]" at crack.sv(49) File: C:/Users/sants/Desktop/CPEN-311/Lab-3/Lab-3-CPEN311/task5/crack.sv Line: 49
Info (10041): Inferred latch for "key[4]" at crack.sv(49) File: C:/Users/sants/Desktop/CPEN-311/Lab-3/Lab-3-CPEN311/task5/crack.sv Line: 49
Info (10041): Inferred latch for "key[5]" at crack.sv(49) File: C:/Users/sants/Desktop/CPEN-311/Lab-3/Lab-3-CPEN311/task5/crack.sv Line: 49
Info (10041): Inferred latch for "key[6]" at crack.sv(49) File: C:/Users/sants/Desktop/CPEN-311/Lab-3/Lab-3-CPEN311/task5/crack.sv Line: 49
Info (10041): Inferred latch for "key[7]" at crack.sv(49) File: C:/Users/sants/Desktop/CPEN-311/Lab-3/Lab-3-CPEN311/task5/crack.sv Line: 49
Info (10041): Inferred latch for "key[8]" at crack.sv(49) File: C:/Users/sants/Desktop/CPEN-311/Lab-3/Lab-3-CPEN311/task5/crack.sv Line: 49
Info (10041): Inferred latch for "key[9]" at crack.sv(49) File: C:/Users/sants/Desktop/CPEN-311/Lab-3/Lab-3-CPEN311/task5/crack.sv Line: 49
Info (10041): Inferred latch for "key[10]" at crack.sv(49) File: C:/Users/sants/Desktop/CPEN-311/Lab-3/Lab-3-CPEN311/task5/crack.sv Line: 49
Info (10041): Inferred latch for "key[11]" at crack.sv(49) File: C:/Users/sants/Desktop/CPEN-311/Lab-3/Lab-3-CPEN311/task5/crack.sv Line: 49
Info (10041): Inferred latch for "key[12]" at crack.sv(49) File: C:/Users/sants/Desktop/CPEN-311/Lab-3/Lab-3-CPEN311/task5/crack.sv Line: 49
Info (10041): Inferred latch for "key[13]" at crack.sv(49) File: C:/Users/sants/Desktop/CPEN-311/Lab-3/Lab-3-CPEN311/task5/crack.sv Line: 49
Info (10041): Inferred latch for "key[14]" at crack.sv(49) File: C:/Users/sants/Desktop/CPEN-311/Lab-3/Lab-3-CPEN311/task5/crack.sv Line: 49
Info (10041): Inferred latch for "key[15]" at crack.sv(49) File: C:/Users/sants/Desktop/CPEN-311/Lab-3/Lab-3-CPEN311/task5/crack.sv Line: 49
Info (10041): Inferred latch for "key[16]" at crack.sv(49) File: C:/Users/sants/Desktop/CPEN-311/Lab-3/Lab-3-CPEN311/task5/crack.sv Line: 49
Info (10041): Inferred latch for "key[17]" at crack.sv(49) File: C:/Users/sants/Desktop/CPEN-311/Lab-3/Lab-3-CPEN311/task5/crack.sv Line: 49
Info (10041): Inferred latch for "key[18]" at crack.sv(49) File: C:/Users/sants/Desktop/CPEN-311/Lab-3/Lab-3-CPEN311/task5/crack.sv Line: 49
Info (10041): Inferred latch for "key[19]" at crack.sv(49) File: C:/Users/sants/Desktop/CPEN-311/Lab-3/Lab-3-CPEN311/task5/crack.sv Line: 49
Info (10041): Inferred latch for "key[20]" at crack.sv(49) File: C:/Users/sants/Desktop/CPEN-311/Lab-3/Lab-3-CPEN311/task5/crack.sv Line: 49
Info (10041): Inferred latch for "key[21]" at crack.sv(49) File: C:/Users/sants/Desktop/CPEN-311/Lab-3/Lab-3-CPEN311/task5/crack.sv Line: 49
Info (10041): Inferred latch for "key[22]" at crack.sv(49) File: C:/Users/sants/Desktop/CPEN-311/Lab-3/Lab-3-CPEN311/task5/crack.sv Line: 49
Info (10041): Inferred latch for "key[23]" at crack.sv(49) File: C:/Users/sants/Desktop/CPEN-311/Lab-3/Lab-3-CPEN311/task5/crack.sv Line: 49
Error (12152): Can't elaborate user hierarchy "doublecrack:dc|crack:c1" File: C:/Users/sants/Desktop/CPEN-311/Lab-3/Lab-3-CPEN311/task5/doublecrack.sv Line: 33
Info (144001): Generated suppressed messages file C:/Users/sants/Desktop/CPEN-311/Lab-3/Lab-3-CPEN311/task5/output_files/task5.map.smsg
Error: Quartus Prime Analysis & Synthesis was unsuccessful. 2 errors, 18 warnings
    Error: Peak virtual memory: 4769 megabytes
    Error: Processing ended: Fri Oct 20 21:45:06 2023
    Error: Elapsed time: 00:00:10
    Error: Total CPU time (on all processors): 00:00:11


+------------------------------------------+
; Analysis & Synthesis Suppressed Messages ;
+------------------------------------------+
The suppressed messages can be found in C:/Users/sants/Desktop/CPEN-311/Lab-3/Lab-3-CPEN311/task5/output_files/task5.map.smsg.


